<?xml version="1.0" encoding="UTF-8"?>
<!-- Generated by org.testng.reporters.JUnitXMLReporter -->
<testsuite ignored="0" hostname="LALIT" failures="0" tests="4" name="Default test" time="48.848" errors="0" timestamp="2022-06-29T23:19:25 IST">
  <testcase classname="Test.Facebook2" name="test4" time="0.2"/>
  <testcase classname="Test.Facebook2" name="test2" time="0.315"/>
  <testcase classname="Test.Facebook2" name="test3" time="0.278"/>
  <testcase classname="Test.Facebook2" name="test1" time="0.405"/>
</testsuite> <!-- Default test -->
