<?xml version="1.0" encoding="UTF-8"?>
<testng-results ignored="0" total="1" passed="1" failed="0" skipped="0">
  <reporter-output>
  </reporter-output>
  <suite started-at="2022-07-01T23:23:17 IST" name="Default suite" finished-at="2022-07-01T23:24:15 IST" duration-ms="58484">
    <groups>
    </groups>
    <test started-at="2022-07-01T23:23:17 IST" name="Default test" finished-at="2022-07-01T23:24:15 IST" duration-ms="58484">
      <class name="test.ZerodhaLoginPageTest">
        <test-method is-config="true" signature="OpenBrowser()[pri:0, instance:test.ZerodhaLoginPageTest@618425b5]" started-at="2022-07-01T23:23:17 IST" name="OpenBrowser" finished-at="2022-07-01T23:24:12 IST" duration-ms="54758" status="PASS">
          <reporter-output>
          </reporter-output>
        </test-method> <!-- OpenBrowser -->
        <test-method signature="loginTest()[pri:0, instance:test.ZerodhaLoginPageTest@618425b5]" started-at="2022-07-01T23:24:12 IST" name="loginTest" finished-at="2022-07-01T23:24:15 IST" duration-ms="3645" status="PASS">
          <reporter-output>
          </reporter-output>
        </test-method> <!-- loginTest -->
      </class> <!-- test.ZerodhaLoginPageTest -->
    </test> <!-- Default test -->
  </suite> <!-- Default suite -->
</testng-results>
